Total files modified: 120
Total target-char additions: 249

=== Additions per character ===
  叶观澜: +16 chapters
  沈疏桐: +89 chapters
  苏挽: +80 chapters
  阿湄: +64 chapters

=== Per-chapter detail ===
  ch121: +['苏挽']
  ch122: +['叶观澜', '沈疏桐', '苏挽', '阿湄']
  ch123: +['沈疏桐', '苏挽']
  ch124: +['阿湄']
  ch125: +['苏挽', '阿湄']
  ch126: +['沈疏桐', '苏挽']
  ch127: +['阿湄']
  ch128: +['阿湄']
  ch129: +['沈疏桐']
  ch130: +['沈疏桐']
  ch131: +['沈疏桐', '苏挽', '阿湄']
  ch132: +['沈疏桐', '阿湄']
  ch133: +['苏挽', '阿湄']
  ch134: +['沈疏桐']
  ch135: +['苏挽']
  ch136: +['阿湄']
  ch137: +['苏挽', '阿湄']
  ch138: +['阿湄']
  ch139: +['沈疏桐']
  ch140: +['沈疏桐', '苏挽']
  ch141: +['沈疏桐', '苏挽', '阿湄']
  ch142: +['沈疏桐', '苏挽']
  ch143: +['沈疏桐', '苏挽']
  ch144: +['沈疏桐', '苏挽', '阿湄']
  ch145: +['沈疏桐', '阿湄']
  ch146: +['沈疏桐', '苏挽']
  ch147: +['沈疏桐', '苏挽']
  ch148: +['沈疏桐', '苏挽', '阿湄']
  ch149: +['叶观澜', '沈疏桐', '苏挽']
  ch150: +['沈疏桐', '阿湄']
  ch151: +['沈疏桐', '苏挽', '阿湄']
  ch152: +['沈疏桐']
  ch153: +['沈疏桐', '苏挽', '阿湄']
  ch154: +['沈疏桐', '苏挽']
  ch155: +['叶观澜']
  ch156: +['苏挽', '阿湄']
  ch157: +['沈疏桐', '苏挽']
  ch158: +['沈疏桐', '阿湄']
  ch159: +['沈疏桐', '苏挽']
  ch160: +['沈疏桐', '苏挽', '阿湄']
  ch161: +['沈疏桐', '苏挽', '阿湄']
  ch162: +['沈疏桐']
  ch163: +['苏挽', '阿湄']
  ch164: +['叶观澜', '沈疏桐', '苏挽', '阿湄']
  ch165: +['沈疏桐', '苏挽']
  ch166: +['叶观澜', '沈疏桐', '阿湄']
  ch167: +['沈疏桐', '苏挽', '阿湄']
  ch168: +['沈疏桐', '苏挽']
  ch169: +['苏挽', '阿湄']
  ch170: +['沈疏桐', '苏挽']
  ch171: +['沈疏桐', '阿湄']
  ch172: +['叶观澜', '沈疏桐', '苏挽', '阿湄']
  ch173: +['沈疏桐', '苏挽']
  ch174: +['沈疏桐', '苏挽', '阿湄']
  ch175: +['沈疏桐', '苏挽']
  ch176: +['沈疏桐']
  ch177: +['沈疏桐', '阿湄']
  ch178: +['苏挽', '阿湄']
  ch179: +['叶观澜', '沈疏桐', '苏挽']
  ch180: +['沈疏桐']
  ch181: +['沈疏桐']
  ch182: +['苏挽', '阿湄']
  ch183: +['叶观澜', '沈疏桐', '苏挽']
  ch184: +['沈疏桐', '阿湄']
  ch185: +['沈疏桐', '苏挽', '阿湄']
  ch186: +['叶观澜', '沈疏桐', '苏挽']
  ch187: +['沈疏桐', '苏挽', '阿湄']
  ch188: +['阿湄']
  ch189: +['沈疏桐', '苏挽']
  ch190: +['沈疏桐']
  ch191: +['苏挽', '阿湄']
  ch192: +['沈疏桐', '苏挽', '阿湄']
  ch193: +['苏挽']
  ch194: +['沈疏桐', '阿湄']
  ch195: +['苏挽', '阿湄']
  ch196: +['苏挽']
  ch197: +['叶观澜', '沈疏桐', '阿湄']
  ch198: +['沈疏桐', '苏挽', '阿湄']
  ch199: +['苏挽']
  ch200: +['苏挽']
  ch201: +['沈疏桐', '阿湄']
  ch202: +['沈疏桐', '苏挽', '阿湄']
  ch203: +['沈疏桐', '苏挽']
  ch204: +['苏挽']
  ch205: +['叶观澜']
  ch206: +['沈疏桐', '阿湄']
  ch207: +['沈疏桐', '苏挽', '阿湄']
  ch208: +['沈疏桐']
  ch209: +['沈疏桐']
  ch210: +['苏挽', '阿湄']
  ch211: +['苏挽', '阿湄']
  ch212: +['沈疏桐']
  ch213: +['苏挽', '阿湄']
  ch214: +['沈疏桐', '苏挽', '阿湄']
  ch215: +['沈疏桐', '苏挽', '阿湄']
  ch216: +['沈疏桐']
  ch217: +['沈疏桐', '苏挽', '阿湄']
  ch218: +['叶观澜', '沈疏桐', '苏挽', '阿湄']
  ch219: +['叶观澜', '沈疏桐', '苏挽']
  ch220: +['沈疏桐', '阿湄']
  ch221: +['沈疏桐', '阿湄']
  ch222: +['沈疏桐', '苏挽']
  ch223: +['苏挽', '阿湄']
  ch224: +['阿湄']
  ch225: +['沈疏桐', '苏挽']
  ch226: +['沈疏桐', '苏挽', '阿湄']
  ch227: +['沈疏桐', '阿湄']
  ch228: +['沈疏桐', '苏挽']
  ch229: +['沈疏桐', '苏挽', '阿湄']
  ch230: +['沈疏桐', '阿湄']
  ch231: +['沈疏桐', '苏挽']
  ch232: +['沈疏桐', '苏挽']
  ch233: +['沈疏桐', '苏挽']
  ch234: +['叶观澜', '沈疏桐', '苏挽']
  ch235: +['叶观澜']
  ch236: +['沈疏桐', '苏挽', '阿湄']
  ch237: +['沈疏桐', '苏挽']
  ch238: +['沈疏桐', '苏挽']
  ch239: +['叶观澜', '沈疏桐', '苏挽', '阿湄']
  ch240: +['沈疏桐', '苏挽']
