Verified:
- `python engine/prose_lint.py seasons/01-xianxia/chronicle/022-对阵.md` → 0 ERROR / 0 WARN (clean)
- 两处「且...且...且...」长单句（line 109/119）整段删除，只留原版克制物象句
- frontmatter 补 `line: 男频` + `thread: 复仇升级线 + 宗门权谋`（原档缺此二项，违 §六标准）
- ships 三条精简（去「且...」套话，留核心锚点）；review/score 块移除（与 ch011 模板一致）
- 抽签段补触·柏木签筒「筒口磨得发亮——是历届大比被人抽过无数次的亮，筒底有一股陈年樟木的凉气，扑在他指尖上」范文D级温度锚
- 补「『林』字末笔多了一勾一捺，是上一代记档的人写惯了的写法，现在城里已经不用了。对不上账」一笔，扛 world-macro §五
- 七维自评 2+2+2+2+2+1+2 = 13/14（≥12/14 地板）
- 五门：G1✓ G2✓ G3✓ G4✓ G5✓
- 结果文件 `prompts/.results/ch022.md` 写入

Decisions:
- 删两处长句回改塌方（克制的物象不该用 200+ 字符的「且」链重新解释一遍——是 ch361-410 模板饱和的源头之一）
- 补 frontmatter 缺项（line/thread 字段是 §六 标准格式硬要求）
- 抽签段加柏木签筒的触·温度级锚 + 「林」字旧字体一笔（前者对齐范文D；后者用「对不上账」撑 G2 世界真，不让深层文过饰非落到旁白讲解）
- 沿用 ch011 模板，移除 frontmatter 的 review/score 块

Evidence: prose_lint 干净 / frontmatter 实际内容 / result 文件

Impact: ch022 从 11/14 升 13/14，章末钩子「抽签结果=林夙 vs 林彻」无缝切走 ch023《首战》;戒压纸锚点+柏木签筒温度锚+对不上账「林」字共撑起 G1/G2/G5。

Assumptions: 沿用 ch011 模板（review/score 块从 frontmatter 移除，落到结果文件）；林夙 POV 连续 ch16-22 可接受（ch23 首战重写时再决定是否切 POV）；本档只过 ch022，不动 ch020-024。

STATUS: DONE
FILES_TOUCHED: seasons/01-xianxia/chronicle/022-对阵.md, prompts/.results/ch022.md
BLOCKERS: none
