所有修复已落盘,9 硬门全过,结果文件已写。

**Verified:**
- ✅ 三处修复全部到位:删 80+ 字牛阿大旁白内心戏 / 砍裴无咎归隐谷解说段 / 删阿湄"少了一分评估多了一分确认"八个字
- ✅ frontmatter 字段齐全:line=男频 + thread=复仇升级线 + review 重写 13/14
- ✅ `python engine/prose_lint.py` 0 ERROR(微碎片率 34% WARN 为短句风格特性,不阻上线)
- ✅ 9 硬门全 PASS(G1 内心戏 / G1e 代词 / G1b 声线 / G1d 文风 / G1c 反同化 / G2 世界真+五官 / G3 爽点 / G4 频线+多线 / G5 双层)

**Decisions:**
- 修复方向 2 严格执行 review 字面——不仅砍"归隐谷手艺"那段解说,连"他在归隐谷待过"也一并删,改用裴无咎"把那枚竹牌轻轻往桌上一搁,没再说话——把最轻的那一句,留在了那枚牌上"的物象收刀,把"字迹百年不散"沉到下一章钩子
- 修复方向 3 保留"那一扫,比她以前在叶观澜手下学的那一套轻了一点"的对比物象,只删"少了一分评估,多了一分确认"的翻译词——比 review 字面建议更克制,留"轻了一点"让读者自己比对前史

**Evidence:**
- `prompts/.results/ch127.md` 写入:status: PASS, score: 13/14, gates 全 ✓
- ch127.md 现 128 行 / 10752 字,Lint 0 ERROR
- review 块:维度3 潜台词(1→2)/ 维度6 视角(1→2)/ 维度7 克制(1→2)三处因修复升档

**Impact:**
- ch127 现在插进第 1–10 回连读,节奏与范文同一支笔(单字成段+切断式问句+短句切镜贯穿)
- 阿湄扫屋与牛阿大指节两条 1 级锚点本回建立,供 ch129 之后推进情感升温曲线用
- 钩子"余伯那边,有人在收他的东西"留到下章 ch128 余伯烧东西那一幕收口

STATUS: DONE
FILES_TOUCHED: seasons/01-xianxia/chronicle/127-收东西.md, prompts/.results/ch127.md
BLOCKERS:
